Running com.example.tests.SeleniumMyTest
Running com.example.tests.LogPortalTest
Running com.example.tests.HelloWorldTest
Running com.example.tests.AMDSTest
Tests run: 1, Failures: 0, Errors: 0, Skipped: 0, Time elapsed: 17.709 sec
Tests run: 1, Failures: 0, Errors: 1, Skipped: 0, Time elapsed: 51.123 sec <<< FAILURE!
Tests run: 1, Failures: 0, Errors: 0, Skipped: 0, Time elapsed: 8.684 sec
Tests run: 1, Failures: 0, Errors: 1, Skipped: 0, Time elapsed: 50.918 sec <<< FAILURE!
Tests in error: 
Tests run: 4, Failures: 0, Errors: 2, Skipped: 0
